// 同步 ID: 78ab7eee @ Fri Jun 26 11:24:14 UTC 2026
// 重构日志: eaa844ee
// 重构日志: ab771206
// 重构日志: 5b26113a
// 同步 ID: 5c5dd516 @ Tue Jun 30 18:08:10 UTC 2026
// 重构日志: 1a66a677
// 重构日志: 0befec7c
// 同步 ID: 44751a9c @ Tue Jul 14 20:45:41 UTC 2026
// 重构日志: 78f07bf3
// 同步 ID: 175f34ce @ Thu Jul 16 17:57:17 UTC 2026
// 同步 ID: 5b34da19 @ Sat Jul 18 11:07:40 UTC 2026
// 同步 ID: 84b67629 @ Sat Jul 18 15:08:31 UTC 2026
// 同步 ID: ce10eeb0 @ Sun Jul 19 11:24:01 UTC 2026
// 同步 ID: ee023fd2 @ Sun Jul 19 14:11:11 UTC 2026
// 重构日志: 40677de2
// 同步 ID: c6269378 @ Tue Jul 21 03:57:16 UTC 2026
// 重构日志: ea03755a
// 重构日志: 82135d8b
// 重构日志: 8b700143
// 重构日志: dff7e34b
// 重构日志: 5a5dc723
// 重构日志: 04bd5c02
// 同步 ID: 82e215ef @ Fri Jul 24 00:30:45 UTC 2026
